<?xml version="1.0" encoding="UTF-8" ?>
<testsuite errors="0" failures="0" hostname="U6039827-TPD-A" name="twitter.staff.GradingSocialNetworkTest" skipped="0" tests="14" time="0.128" timestamp="2017-01-18T15:34:54">
  <properties>
    <property name="java.vendor" value="Oracle Corporation" />
    <property name="sun.java.launcher" value="SUN_STANDARD" />
    <property name="sun.management.compiler" value="HotSpot 64-Bit Tiered Compilers" />
    <property name="build.sysclasspath" value="ignore" />
    <property name="os.name" value="Windows 7" />
    <property name="sun.boot.class.path" value="C:\Program Files\Java\jdk1.8.0_102\jre\lib\resources.jar;C:\Program Files\Java\jdk1.8.0_102\jre\lib\rt.jar;C:\Program Files\Java\jdk1.8.0_102\jre\lib\sunrsasign.jar;C:\Program Files\Java\jdk1.8.0_102\jre\lib\jsse.jar;C:\Program Files\Java\jdk1.8.0_102\jre\lib\jce.jar;C:\Program Files\Java\jdk1.8.0_102\jre\lib\charsets.jar;C:\Program Files\Java\jdk1.8.0_102\jre\lib\jfr.jar;C:\Program Files\Java\jdk1.8.0_102\jre\classes" />
    <property name="sun.desktop" value="windows" />
    <property name="final.grading" value="true" />
    <property name="java.vm.specification.vendor" value="Oracle Corporation" />
    <property name="ant.home" value="C:\Users\u6039827\.p2\pool\plugins\org.apache.ant_1.9.6.v201510161327" />
    <property name="java.runtime.version" value="1.8.0_102-b14" />
    <property name="user.name" value="U6039827" />
    <property name="ant.build.javac.target" value="1.8" />
    <property name="user.language" value="en" />
    <property name="sun.boot.library.path" value="C:\Program Files\Java\jdk1.8.0_102\jre\bin" />
    <property name="grader.report.file" value="my-grader-report.xml" />
    <property name="ant.project.default-target" value="all" />
    <property name="java.version" value="1.8.0_102" />
    <property name="user.timezone" value="" />
    <property name="sun.arch.data.model" value="64" />
    <property name="java.endorsed.dirs" value="C:\Program Files\Java\jdk1.8.0_102\jre\lib\endorsed" />
    <property name="sun.cpu.isalist" value="amd64" />
    <property name="sun.jnu.encoding" value="Cp1252" />
    <property name="file.encoding.pkg" value="sun.io" />
    <property name="file.separator" value="\" />
    <property name="java.specification.name" value="Java Platform API Specification" />
    <property name="java.class.version" value="52.0" />
    <property name="user.country" value="GB" />
    <property name="java.home" value="C:\Program Files\Java\jdk1.8.0_102\jre" />
    <property name="java.vm.info" value="mixed mode" />
    <property name="ant.file" value="C:\Users\u6039827\Desktop\ps2-tweets\grader.xml" />
    <property name="os.version" value="6.1" />
    <property name="final.grader.jar" value="ps2-final-grader.jar" />
    <property name="path.separator" value=";" />
    <property name="java.vm.version" value="25.102-b14" />
    <property name="user.variant" value="" />
    <property name="ant.library.dir" value="C:\Users\u6039827\.p2\pool\plugins\org.apache.ant_1.9.6.v201510161327\lib" />
    <property name="java.awt.printerjob" value="sun.awt.windows.WPrinterJob" />
    <property name="sun.io.unicode.encoding" value="UnicodeLittle" />
    <property name="awt.toolkit" value="sun.awt.windows.WToolkit" />
    <property name="user.script" value="" />
    <property name="user.home" value="C:\Users\u6039827" />
    <property name="java.specification.vendor" value="Oracle Corporation" />
    <property name="which.tests.ran" value="BETA + FINAL" />
    <property name="java.library.path" value="C:\Program Files\Java\jdk1.8.0_102\jre\bin;C:\WINDOWS\Sun\Java\bin;C:\WINDOWS\system32;C:\WINDOWS;C:/Program Files/Java/jdk1.8.0_102/bin/../jre/bin/server;C:/Program Files/Java/jdk1.8.0_102/bin/../jre/bin;C:/Program Files/Java/jdk1.8.0_102/bin/../jre/lib/amd64;C:\WINDOWS\system32;C:\WINDOWS;C:\WINDOWS\System32\Wbem;C:\WINDOWS\System32\WindowsPowerShell\v1.0\;C:\WINDOWS\System32\WindowsPowerShell\v1.0\;C:\Program Files (x86)\sbt\\bin;C:\Program Files (x86)\Sennheiser\SoftphoneSDK\;C:\ProgramData\chocolatey\bin;C:\Program Files (x86)\scala\bin;C:\Program Files\Git\cmd;C:\Python27\Scripts;C:\Python27;C:\Users\u6039827\AppData\Local\atom\bin;C:\PROGRA~2\Oracle\VirtualBox;C:\gradle-3.0\bin\;C:\Program Files\Java\jdk1.8.0_102\bin\;C:\Users\u6039827\Desktop;;." />
    <property name="java.vendor.url" value="http://java.oracle.com/" />
    <property name="java.vm.vendor" value="Oracle Corporation" />
    <property name="java.runtime.name" value="Java(TM) SE Runtime Environment" />
    <property name="beta.grader.jar" value="ps2-beta-grader.jar" />
    <property name="sun.java.command" value="org.apache.tools.ant.taskdefs.optional.junit.JUnitTestRunner twitter.staff.GradingSocialNetworkTest skipNonTests=false filtertrace=true haltOnError=false haltOnFailure=false showoutput=false outputtoformatters=true logfailedtests=true threadid=0 logtestlistenerevents=false formatter=org.apache.tools.ant.taskdefs.optional.junit.XMLJUnitResultFormatter,C:\Users\u6039827\Desktop\ps2-tweets\.grader\TEST-twitter.staff.GradingSocialNetworkTest.xml crashfile=C:\Users\u6039827\Desktop\ps2-tweets\.grader\junitvmwatcher2472379768766128563.properties propsfile=C:\Users\u6039827\Desktop\ps2-tweets\.grader\junit7931447146165262641.properties" />
    <property name="java.class.path" value="C:\Users\u6039827\Desktop\ps2-tweets\lib\junit-4.12.jar;C:\Users\u6039827\Desktop\ps2-tweets\lib\hamcrest-core-1.3.jar;C:\Users\u6039827\Desktop\ps2-tweets\.grader\bin-tests-final;C:\Users\u6039827\Desktop\ps2-tweets\.grader\bin-impls-student;C:\Users\u6039827\.p2\pool\plugins\org.apache.ant_1.9.6.v201510161327\lib\ant-launcher.jar;C:\Users\u6039827\.p2\pool\plugins\org.apache.ant_1.9.6.v201510161327\lib\ant.jar;C:\Users\u6039827\.p2\pool\plugins\org.apache.ant_1.9.6.v201510161327\lib\ant-junit.jar;C:\Users\u6039827\.p2\pool\plugins\org.apache.ant_1.9.6.v201510161327\lib\ant-junit4.jar" />
    <property name="ant.version" value="Apache Ant(TM) version 1.9.6 compiled on June 29 2015" />
    <property name="project.name" value="ps2-tweets" />
    <property name="java.vm.specification.name" value="Java Virtual Machine Specification" />
    <property name="java.vm.specification.version" value="1.8" />
    <property name="sun.cpu.endian" value="little" />
    <property name="didit.desc" value="Running our tests against your implementation" />
    <property name="sun.os.patch.level" value="Service Pack 1" />
    <property name="java.io.tmpdir" value="C:\Users\u6039827\AppData\Local\Temp\" />
    <property name="java.vendor.url.bug" value="http://bugreport.sun.com/bugreport/" />
    <property name="os.arch" value="amd64" />
    <property name="java.awt.graphicsenv" value="sun.awt.Win32GraphicsEnvironment" />
    <property name="java.ext.dirs" value="C:\Program Files\Java\jdk1.8.0_102\jre\lib\ext;C:\WINDOWS\Sun\Java\lib\ext" />
    <property name="user.dir" value="C:\Users\u6039827\Desktop\ps2-tweets" />
    <property name="line.separator" value="&#xd;&#xa;" />
    <property name="zipfile" value="my-submission.zip" />
    <property name="java.vm.name" value="Java HotSpot(TM) 64-Bit Server VM" />
    <property name="problem.set" value="ps2" />
    <property name="basedir" value="C:\Users\u6039827\Desktop\ps2-tweets" />
    <property name="ant.java.version" value="1.8" />
    <property name="ant.core.lib" value="C:\Users\u6039827\.p2\pool\plugins\org.apache.ant_1.9.6.v201510161327\lib\ant.jar" />
    <property name="file.encoding" value="Cp1252" />
    <property name="java.specification.version" value="1.8" />
    <property name="grader.dir" value=".grader" />
    <property name="ant.project.invoked-targets" value="all" />
  </properties>
  <testcase classname="twitter.staff.GradingSocialNetworkTest" name="testInfluencersGraphOneUserNoFollowing" time="0.041" />
  <testcase classname="twitter.staff.GradingSocialNetworkTest" name="testInfluencersTwoUsersOneFollowing" time="0.0" />
  <testcase classname="twitter.staff.GradingSocialNetworkTest" name="testGuessFollowsGraphUserMentionsSelf" time="0.006" />
  <testcase classname="twitter.staff.GradingSocialNetworkTest" name="testInfluencersMultipleUsersSomeSameFollowerCounts" time="0.001" />
  <testcase classname="twitter.staff.GradingSocialNetworkTest" name="testGuessFollowsGraphEmptyList" time="0.001" />
  <testcase classname="twitter.staff.GradingSocialNetworkTest" name="testInfluencersMultipleUsersAllSameFollowerCounts" time="0.001" />
  <testcase classname="twitter.staff.GradingSocialNetworkTest" name="testInfluencersEmptyGraph" time="0.0" />
  <testcase classname="twitter.staff.GradingSocialNetworkTest" name="testInfluencersMultipleUsersAllDifferentFollowerCounts" time="0.0" />
  <testcase classname="twitter.staff.GradingSocialNetworkTest" name="testGuessFollowsGraphSingleTweetAtMention" time="0.0" />
  <testcase classname="twitter.staff.GradingSocialNetworkTest" name="testGuessFollowsGraphMustHaveNoNonexistentUsers" time="0.002" />
  <testcase classname="twitter.staff.GradingSocialNetworkTest" name="testGuessFollowsGraphMustBeCaseInsensitive" time="0.001" />
  <testcase classname="twitter.staff.GradingSocialNetworkTest" name="testGuessFollowsGraphNoConnections" time="0.001" />
  <testcase classname="twitter.staff.GradingSocialNetworkTest" name="testGuessFollowsGraphHasConnections" time="0.001" />
  <testcase classname="twitter.staff.GradingSocialNetworkTest" name="testInfluencersMustBeCaseInsensitive" time="0.0" />
  <system-out><![CDATA[]]></system-out>
  <system-err><![CDATA[]]></system-err>
</testsuite>
